Сборка начата 24.02.2016 10:31:30.
     1>Проект "D:\1\LexerKymup\LexerKymup\LexerKymup.vcxproj" в узле 2 (целевые объекты Build).
     1>ClCompile:
         C:\Program Files (x86)\Microsoft Visual Studio 12.0\VC\bin\CL.exe /c /ZI /nologo /W3 /WX- /sdl /Od /Oy- /D WIN32 /D _DEBUG /D _CONSOLE /D _LIB /D _CRT_SECURE_NO_WARNINGS /D _UNICODE /D UNICODE /Gm /EHsc /RTC1 /MDd /GS /fp:precise /Zc:wchar_t /Zc:forScope /Yc"stdafx.h" /Fp"Debug\LexerKymup.pch" /Fo"Debug\\" /Fd"Debug\vc120.pdb" /Gd /TP /analyze- /errorReport:prompt stdafx.cpp
         stdafx.cpp
         C:\Program Files (x86)\Microsoft Visual Studio 12.0\VC\bin\CL.exe /c /ZI /nologo /W3 /WX- /sdl /Od /Oy- /D WIN32 /D _DEBUG /D _CONSOLE /D _LIB /D _CRT_SECURE_NO_WARNINGS /D _UNICODE /D UNICODE /Gm /EHsc /RTC1 /MDd /GS /fp:precise /Zc:wchar_t /Zc:forScope /Fo"Debug\\" /Fd"Debug\vc120.pdb" /Gd /TC /analyze- /errorReport:prompt lex.yy.c
         lex.yy.c
     1>lex.yy.c(1821): warning C4013: exit: нет определения; предполагается "extern" с возвратом типа "int"
     1>lex.yy.c(1868): warning C4013: malloc: нет определения; предполагается "extern" с возвратом типа "int"
     1>lex.yy.c(1886): warning C4013: realloc: нет определения; предполагается "extern" с возвратом типа "int"
     1>lex.yy.c(1896): warning C4013: free: нет определения; предполагается "extern" с возвратом типа "int"
         C:\Program Files (x86)\Microsoft Visual Studio 12.0\VC\bin\CL.exe /c /ZI /nologo /W3 /WX- /sdl /Od /Oy- /D WIN32 /D _DEBUG /D _CONSOLE /D _LIB /D _CRT_SECURE_NO_WARNINGS /D _UNICODE /D UNICODE /Gm /EHsc /RTC1 /MDd /GS /fp:precise /Zc:wchar_t /Zc:forScope /Yu"stdafx.h" /Fp"Debug\LexerKymup.pch" /Fo"Debug\\" /Fd"Debug\vc120.pdb" /Gd /TP /analyze- /errorReport:prompt LexerKymup.cpp
         LexerKymup.cpp
     1>d:\1\lexerkymup\lexerkymup\lexerkymup.cpp(4): warning C4005: _CRT_SECURE_NO_WARNINGS: изменение макроопределения
                 аргументы командной строки:  см. предыдущее определение "_CRT_SECURE_NO_WARNINGS"
     1>d:\1\lexerkymup\lexerkymup\lexerkymup.cpp(5): warning C4627: #include <conio.h>: пропущен при поиске использования предкомпилированного заголовка
                 Добавление директивы в "stdafx.h" или перестройка предкомпилированного заголовка
     1>d:\1\lexerkymup\lexerkymup\lexerkymup.cpp(4): warning C4603: _CRT_SECURE_NO_WARNINGS: макрос не определен или определение изменилось после использования предкомпилированного заголовка
                 Добавление макроопределения в предкомпилированный заголовок вместо определения его здесь
                 d:\1\lexerkymup\lexerkymup\lexerkymup.cpp(7): использование предкомпилированного заголовка
       Link:
         C:\Program Files (x86)\Microsoft Visual Studio 12.0\VC\bin\link.exe /ERRORREPORT:PROMPT /OUT:"D:\1\LexerKymup\Debug\LexerKymup.exe" /INCREMENTAL /NOLOGO kernel32.lib user32.lib gdi32.lib winspool.lib comdlg32.lib advapi32.lib shell32.lib ole32.lib oleaut32.lib uuid.lib odbc32.lib odbccp32.lib /MANIFEST /MANIFESTUAC:"level='asInvoker' uiAccess='false'" /manifest:embed /DEBUG /PDB:"D:\1\LexerKymup\Debug\LexerKymup.pdb" /SUBSYSTEM:CONSOLE /TLBID:1 /DYNAMICBASE /NXCOMPAT /IMPLIB:"D:\1\LexerKymup\Debug\LexerKymup.lib" /MACHINE:X86 Debug\lex.yy.obj
         Debug\LexerKymup.obj
         Debug\stdafx.obj
         LexerKymup.vcxproj -> D:\1\LexerKymup\Debug\LexerKymup.exe
     1>Сборка проекта "D:\1\LexerKymup\LexerKymup\LexerKymup.vcxproj" завершена (целевые объекты Build).

Сборка успешно завершена.

Затраченное время: 00:00:04.56
